<?xml version="1.0" encoding="UTF-8"?>
<!-- Generated by org.testng.reporters.JUnitReportReporter -->
<testsuite hostname="DESKTOP-OS91HT3" failures="0" tests="2" name="testscript.Managenewstest" time="39.423" errors="0" timestamp="2025-10-27T07:14:49 PDT" skipped="0">
  <testcase classname="testscript.Managenewstest" name="verifywhetheruserisabletosearchthenews" time="20.417"/>
  <testcase classname="testscript.Managenewstest" name="verifywhetheruserabletoaddnews" time="19.006"/>
</testsuite> <!-- testscript.Managenewstest -->
