<?xml version="1.0" encoding="UTF-8"?>
<!-- Generated by org.testng.reporters.JUnitReportReporter -->
<testsuite hostname="DESKTOP-OS91HT3" failures="0" tests="3" name="testscript.Adminusertest" time="94.253" errors="0" timestamp="2025-10-26T18:51:35 PDT" skipped="0">
  <testcase classname="testscript.Adminusertest" name="verifywhetheruserisabletosearchthenewlyaddeduser" time="30.656"/>
  <testcase classname="testscript.Adminusertest" name="verifywhethertheuserisabletoresettheusers" time="27.975"/>
  <testcase classname="testscript.Adminusertest" name="verifywhetheruserisabletoaddnewuser" time="35.622"/>
</testsuite> <!-- testscript.Adminusertest -->
