<?xml version="1.0" encoding="UTF-8"?>
<!-- Generated by org.testng.reporters.JUnitReportReporter -->
<testsuite hostname="DESKTOP-OS91HT3" failures="0" tests="5" name="testscript.Logintest" time="108.955" errors="0" timestamp="2025-10-26T18:48:51 PDT" skipped="0">
  <testcase classname="testscript.Logintest" name="validateloginwithvalidcredentails" time="22.257"/>
  <testcase classname="testscript.Logintest" name="validateloginwithinvalidusernameandvalidpassword" time="18.416"/>
  <testcase classname="testscript.Logintest" name="validateloginwithinvalidpasswordandvalidusename" time="19.599"/>
  <testcase classname="testscript.Logintest" name="validateloginwithinvalidpasswordandinvalidusename" time="26.324"/>
  <testcase classname="testscript.Logintest" name="validateloginwithinvalidpasswordandinvalidusename" time="22.359"/>
</testsuite> <!-- testscript.Logintest -->
