<?xml version="1.0" encoding="UTF-8"?>
<!-- Generated by org.testng.reporters.JUnitReportReporter -->
<testsuite hostname="DESKTOP-OS91HT3" failures="0" tests="2" name="testscript.Managenewstest" time="59.219" errors="0" timestamp="2025-10-26T18:53:41 PDT" skipped="0">
  <testcase classname="testscript.Managenewstest" name="verifywhetheruserisabletosearchthenews" time="28.936"/>
  <testcase classname="testscript.Managenewstest" name="verifywhetheruserabletoaddnews" time="30.283"/>
</testsuite> <!-- testscript.Managenewstest -->
