<?xml version="1.0" encoding="UTF-8"?>
<!-- Generated by org.testng.reporters.JUnitReportReporter -->
<testsuite hostname="DESKTOP-OS91HT3" failures="0" tests="1" name="testscript.Hometest" time="44.635" errors="0" timestamp="2025-10-26T18:43:31 PDT" skipped="0">
  <testcase classname="testscript.Hometest" name="verifytheuserisabletosuccessfullyloginandlogoutwithvalidcredentials" time="44.635"/>
</testsuite> <!-- testscript.Hometest -->
